<html>
<head>
<title>TestNG:  Default test</title>
<link href="../testng.css" rel="stylesheet" type="text/css" />
<link href="../my-testng.css" rel="stylesheet" type="text/css" />

<style type="text/css">
.log { display: none;} 
.stack-trace { display: none;} 
</style>
<script type="text/javascript">
<!--
function flip(e) {
  current = e.style.display;
  if (current == 'block') {
    e.style.display = 'none';
    return 0;
  }
  else {
    e.style.display = 'block';
    return 1;
  }
}

function toggleBox(szDivId, elem, msg1, msg2)
{
  var res = -1;  if (document.getElementById) {
    res = flip(document.getElementById(szDivId));
  }
  else if (document.all) {
    // this is the way old msie versions work
    res = flip(document.all[szDivId]);
  }
  if(elem) {
    if(res == 0) elem.innerHTML = msg1; else elem.innerHTML = msg2;
  }

}

function toggleAllBoxes() {
  if (document.getElementsByTagName) {
    d = document.getElementsByTagName('div');
    for (i = 0; i < d.length; i++) {
      if (d[i].className == 'log') {
        flip(d[i]);
      }
    }
  }
}

// -->
</script>

</head>
<body>
<h2 align='center'>Default test</h2><table border='1' align="center">
<tr>
<td>Tests passed/Failed/Skipped:</td><td>21/2/0</td>
</tr><tr>
<td>Started on:</td><td>Sat Jan 06 21:14:36 EET 2024</td>
</tr>
<tr><td>Total time:</td><td>199 seconds (199180 ms)</td>
</tr><tr>
<td>Included groups:</td><td></td>
</tr><tr>
<td>Excluded groups:</td><td></td>
</tr>
</table><p/>
<small><i>(Hover the method name to see the test class name)</i></small><p/>
<table width='100%' border='1' class='invocation-failed'>
<tr><td colspan='4' align='center'><b>FAILED TESTS</b></td></tr>
<tr><td><b>Test method</b></td>
<td><b>Attribute(s)</b></td>
<td width="30%"><b>Exception</b></td>
<td width="10%"><b>Time (seconds)</b></td>
<td><b>Instance</b></td>
</tr>
<tr>
<td title='com.bdd.Runner_files.Test_Runner_TestNG.runScenario()'><b>runScenario</b><br>Test class: com.bdd.Runner_files.Test_Runner_TestNG<br>Test method: Runs Cucumber Scenarios<br>Parameters: "Login with valid email and invalid password", "Login functionality of TutorialsNinja"</td>
<td><div><pre>org.openqa.selenium.TimeoutException: timeout: Timed out receiving message from renderer: -0.010
  (Session info: chrome=120.0.6099.199)
Build info: version: &apos;4.15.0&apos;, revision: &apos;1d14b5521b&apos;
System info: os.name: &apos;Windows 11&apos;, os.arch: &apos;amd64&apos;, os.version: &apos;10.0&apos;, java.version: &apos;17.0.7&apos;
Driver info: org.openqa.selenium.chrome.ChromeDriver
Command: [925bb2614462374dc82e0fbcb1ddb442, get {url=https://tutorialsninja.com/demo}]
Capabilities {acceptInsecureCerts: false, browserName: chrome, browserVersion: 120.0.6099.199, chrome: {chromedriverVersion: 120.0.6099.109 (3419140ab66..., userDataDir: C:\Users\shaja\AppData\Loca...}, fedcm:accounts: true, goog:chromeOptions: {debuggerAddress: localhost:50231}, networkConnectionEnabled: false, pageLoadStrategy: normal, platformName: windows, proxy: Proxy(), se:cdp: ws://localhost:50231/devtoo..., se:cdpVersion: 120.0.6099.199, setWindowRect: true, strictFileInteractability: false, timeouts: {implicit: 0, pageLoad: 300000, script: 30000}, unhandledPromptBehavior: dismiss and notify, webauthn:extension:credBlob: true, webauthn:extension:largeBlob: true, webauthn:extension:minPinLength: true, webauthn:extension:prf: true, webauthn:virtualAuthenticators: true}
Session ID: 925bb2614462374dc82e0fbcb1ddb442
	at java.base/jdk.internal.reflect.NativeConstructorAccessorImpl.newInstance0(Native Method)
	at java.base/jdk.internal.reflect.NativeConstructorAccessorImpl.newInstance(NativeConstructorAccessorImpl.java:77)
	at java.base/jdk.internal.reflect.DelegatingConstructorAccessorImpl.newInstance(DelegatingConstructorAccessorImpl.java:45)
	at java.base/java.lang.reflect.Constructor.newInstanceWithCaller(Constructor.java:499)
	at java.base/java.lang.reflect.Constructor.newInstance(Constructor.java:480)
	at org.openqa.selenium.remote.codec.w3c.W3CHttpResponseCodec.createException(W3CHttpResponseCodec.java:200)
	at org.openqa.selenium.remote.codec.w3c.W3CHttpResponseCodec.decode(W3CHttpResponseCodec.java:133)
	at org.openqa.selenium.remote.codec.w3c.W3CHttpResponseCodec.decode(W3CHttpResponseCodec.java:52)
	at org.openqa.selenium.remote.HttpCommandExecutor.execute(HttpCommandExecutor.java:191)
	at org.openqa.selenium.remote.service.DriverCommandExecutor.invokeExecute(DriverCommandExecutor.java:200)
	at org.openqa.selenium.remote.service.DriverCommandExecutor.execute(DriverCommandExecutor.java:175)
	at org.openqa.selenium.remote.RemoteWebDriver.execute(RemoteWebDriver.java:607)
	at org.openqa.selenium.remote.RemoteWebDriver.get(RemoteWebDriver.java:309)
	at com.bdd.Hooks.MyHooks.setup(MyHooks.java:34)
</pre></div><a href='#' onClick='toggleBox("stack-trace666639684", this, "Click to show all stack frames", "Click to hide stack frames")'>Click to show all stack frames</a>
<div class='stack-trace' id='stack-trace666639684'><pre>org.openqa.selenium.TimeoutException: timeout: Timed out receiving message from renderer: -0.010
  (Session info: chrome=120.0.6099.199)
Build info: version: &apos;4.15.0&apos;, revision: &apos;1d14b5521b&apos;
System info: os.name: &apos;Windows 11&apos;, os.arch: &apos;amd64&apos;, os.version: &apos;10.0&apos;, java.version: &apos;17.0.7&apos;
Driver info: org.openqa.selenium.chrome.ChromeDriver
Command: [925bb2614462374dc82e0fbcb1ddb442, get {url=https://tutorialsninja.com/demo}]
Capabilities {acceptInsecureCerts: false, browserName: chrome, browserVersion: 120.0.6099.199, chrome: {chromedriverVersion: 120.0.6099.109 (3419140ab66..., userDataDir: C:\Users\shaja\AppData\Loca...}, fedcm:accounts: true, goog:chromeOptions: {debuggerAddress: localhost:50231}, networkConnectionEnabled: false, pageLoadStrategy: normal, platformName: windows, proxy: Proxy(), se:cdp: ws://localhost:50231/devtoo..., se:cdpVersion: 120.0.6099.199, setWindowRect: true, strictFileInteractability: false, timeouts: {implicit: 0, pageLoad: 300000, script: 30000}, unhandledPromptBehavior: dismiss and notify, webauthn:extension:credBlob: true, webauthn:extension:largeBlob: true, webauthn:extension:minPinLength: true, webauthn:extension:prf: true, webauthn:virtualAuthenticators: true}
Session ID: 925bb2614462374dc82e0fbcb1ddb442
	at java.base/jdk.internal.reflect.NativeConstructorAccessorImpl.newInstance0(Native Method)
	at java.base/jdk.internal.reflect.NativeConstructorAccessorImpl.newInstance(NativeConstructorAccessorImpl.java:77)
	at java.base/jdk.internal.reflect.DelegatingConstructorAccessorImpl.newInstance(DelegatingConstructorAccessorImpl.java:45)
	at java.base/java.lang.reflect.Constructor.newInstanceWithCaller(Constructor.java:499)
	at java.base/java.lang.reflect.Constructor.newInstance(Constructor.java:480)
	at org.openqa.selenium.remote.codec.w3c.W3CHttpResponseCodec.createException(W3CHttpResponseCodec.java:200)
	at org.openqa.selenium.remote.codec.w3c.W3CHttpResponseCodec.decode(W3CHttpResponseCodec.java:133)
	at org.openqa.selenium.remote.codec.w3c.W3CHttpResponseCodec.decode(W3CHttpResponseCodec.java:52)
	at org.openqa.selenium.remote.HttpCommandExecutor.execute(HttpCommandExecutor.java:191)
	at org.openqa.selenium.remote.service.DriverCommandExecutor.invokeExecute(DriverCommandExecutor.java:200)
	at org.openqa.selenium.remote.service.DriverCommandExecutor.execute(DriverCommandExecutor.java:175)
	at org.openqa.selenium.remote.RemoteWebDriver.execute(RemoteWebDriver.java:607)
	at org.openqa.selenium.remote.RemoteWebDriver.get(RemoteWebDriver.java:309)
	at com.bdd.Hooks.MyHooks.setup(MyHooks.java:34)
</pre></div></td>
<td>20</td>
<td>com.bdd.Runner_files.Test_Runner_TestNG@6caf0677</td></tr>
<tr>
<td title='com.bdd.Runner_files.Test_Runner_TestNG.runScenario()'><b>runScenario</b><br>Test class: com.bdd.Runner_files.Test_Runner_TestNG<br>Test method: Runs Cucumber Scenarios<br>Parameters: "Login with invalid credenatils", "Login functionality of TutorialsNinja"</td>
<td><div><pre>org.openqa.selenium.TimeoutException: timeout: Timed out receiving message from renderer: 16.625
  (Session info: chrome=120.0.6099.199)
Build info: version: &apos;4.15.0&apos;, revision: &apos;1d14b5521b&apos;
System info: os.name: &apos;Windows 11&apos;, os.arch: &apos;amd64&apos;, os.version: &apos;10.0&apos;, java.version: &apos;17.0.7&apos;
Driver info: org.openqa.selenium.chrome.ChromeDriver
Command: [88e01931866933b17db81def1bc2a1ad, get {url=https://tutorialsninja.com/demo}]
Capabilities {acceptInsecureCerts: false, browserName: chrome, browserVersion: 120.0.6099.199, chrome: {chromedriverVersion: 120.0.6099.109 (3419140ab66..., userDataDir: C:\Users\shaja\AppData\Loca...}, fedcm:accounts: true, goog:chromeOptions: {debuggerAddress: localhost:50212}, networkConnectionEnabled: false, pageLoadStrategy: normal, platformName: windows, proxy: Proxy(), se:cdp: ws://localhost:50212/devtoo..., se:cdpVersion: 120.0.6099.199, setWindowRect: true, strictFileInteractability: false, timeouts: {implicit: 0, pageLoad: 300000, script: 30000}, unhandledPromptBehavior: dismiss and notify, webauthn:extension:credBlob: true, webauthn:extension:largeBlob: true, webauthn:extension:minPinLength: true, webauthn:extension:prf: true, webauthn:virtualAuthenticators: true}
Session ID: 88e01931866933b17db81def1bc2a1ad
	at java.base/jdk.internal.reflect.NativeConstructorAccessorImpl.newInstance0(Native Method)
	at java.base/jdk.internal.reflect.NativeConstructorAccessorImpl.newInstance(NativeConstructorAccessorImpl.java:77)
	at java.base/jdk.internal.reflect.DelegatingConstructorAccessorImpl.newInstance(DelegatingConstructorAccessorImpl.java:45)
	at java.base/java.lang.reflect.Constructor.newInstanceWithCaller(Constructor.java:499)
	at java.base/java.lang.reflect.Constructor.newInstance(Constructor.java:480)
	at org.openqa.selenium.remote.codec.w3c.W3CHttpResponseCodec.createException(W3CHttpResponseCodec.java:200)
	at org.openqa.selenium.remote.codec.w3c.W3CHttpResponseCodec.decode(W3CHttpResponseCodec.java:133)
	at org.openqa.selenium.remote.codec.w3c.W3CHttpResponseCodec.decode(W3CHttpResponseCodec.java:52)
	at org.openqa.selenium.remote.HttpCommandExecutor.execute(HttpCommandExecutor.java:191)
	at org.openqa.selenium.remote.service.DriverCommandExecutor.invokeExecute(DriverCommandExecutor.java:200)
	at org.openqa.selenium.remote.service.DriverCommandExecutor.execute(DriverCommandExecutor.java:175)
	at org.openqa.selenium.remote.RemoteWebDriver.execute(RemoteWebDriver.java:607)
	at org.openqa.selenium.remote.RemoteWebDriver.get(RemoteWebDriver.java:309)
	at com.bdd.Hooks.MyHooks.setup(MyHooks.java:34)
</pre></div><a href='#' onClick='toggleBox("stack-trace1898763731", this, "Click to show all stack frames", "Click to hide stack frames")'>Click to show all stack frames</a>
<div class='stack-trace' id='stack-trace1898763731'><pre>org.openqa.selenium.TimeoutException: timeout: Timed out receiving message from renderer: 16.625
  (Session info: chrome=120.0.6099.199)
Build info: version: &apos;4.15.0&apos;, revision: &apos;1d14b5521b&apos;
System info: os.name: &apos;Windows 11&apos;, os.arch: &apos;amd64&apos;, os.version: &apos;10.0&apos;, java.version: &apos;17.0.7&apos;
Driver info: org.openqa.selenium.chrome.ChromeDriver
Command: [88e01931866933b17db81def1bc2a1ad, get {url=https://tutorialsninja.com/demo}]
Capabilities {acceptInsecureCerts: false, browserName: chrome, browserVersion: 120.0.6099.199, chrome: {chromedriverVersion: 120.0.6099.109 (3419140ab66..., userDataDir: C:\Users\shaja\AppData\Loca...}, fedcm:accounts: true, goog:chromeOptions: {debuggerAddress: localhost:50212}, networkConnectionEnabled: false, pageLoadStrategy: normal, platformName: windows, proxy: Proxy(), se:cdp: ws://localhost:50212/devtoo..., se:cdpVersion: 120.0.6099.199, setWindowRect: true, strictFileInteractability: false, timeouts: {implicit: 0, pageLoad: 300000, script: 30000}, unhandledPromptBehavior: dismiss and notify, webauthn:extension:credBlob: true, webauthn:extension:largeBlob: true, webauthn:extension:minPinLength: true, webauthn:extension:prf: true, webauthn:virtualAuthenticators: true}
Session ID: 88e01931866933b17db81def1bc2a1ad
	at java.base/jdk.internal.reflect.NativeConstructorAccessorImpl.newInstance0(Native Method)
	at java.base/jdk.internal.reflect.NativeConstructorAccessorImpl.newInstance(NativeConstructorAccessorImpl.java:77)
	at java.base/jdk.internal.reflect.DelegatingConstructorAccessorImpl.newInstance(DelegatingConstructorAccessorImpl.java:45)
	at java.base/java.lang.reflect.Constructor.newInstanceWithCaller(Constructor.java:499)
	at java.base/java.lang.reflect.Constructor.newInstance(Constructor.java:480)
	at org.openqa.selenium.remote.codec.w3c.W3CHttpResponseCodec.createException(W3CHttpResponseCodec.java:200)
	at org.openqa.selenium.remote.codec.w3c.W3CHttpResponseCodec.decode(W3CHttpResponseCodec.java:133)
	at org.openqa.selenium.remote.codec.w3c.W3CHttpResponseCodec.decode(W3CHttpResponseCodec.java:52)
	at org.openqa.selenium.remote.HttpCommandExecutor.execute(HttpCommandExecutor.java:191)
	at org.openqa.selenium.remote.service.DriverCommandExecutor.invokeExecute(DriverCommandExecutor.java:200)
	at org.openqa.selenium.remote.service.DriverCommandExecutor.execute(DriverCommandExecutor.java:175)
	at org.openqa.selenium.remote.RemoteWebDriver.execute(RemoteWebDriver.java:607)
	at org.openqa.selenium.remote.RemoteWebDriver.get(RemoteWebDriver.java:309)
	at com.bdd.Hooks.MyHooks.setup(MyHooks.java:34)
</pre></div></td>
<td>20</td>
<td>com.bdd.Runner_files.Test_Runner_TestNG@6caf0677</td></tr>
</table><p>
<table width='100%' border='1' class='invocation-passed'>
<tr><td colspan='4' align='center'><b>PASSED TESTS</b></td></tr>
<tr><td><b>Test method</b></td>
<td><b>Attribute(s)</b></td>
<td width="30%"><b>Exception</b></td>
<td width="10%"><b>Time (seconds)</b></td>
<td><b>Instance</b></td>
</tr>
<tr>
<td title='com.bdd.Runner_files.Test_Runner_TestNG.runScenario()'><b>runScenario</b><br>Test class: com.bdd.Runner_files.Test_Runner_TestNG<br>Test method: Runs Cucumber Scenarios<br>Parameters: "Login with valid credentials", "Login functionality of TutorialsNinja"</td>
<td></td>
<td>5</td>
<td>com.bdd.Runner_files.Test_Runner_TestNG@6caf0677</td></tr>
<tr>
<td title='com.bdd.Runner_files.Test_Runner_TestNG.runScenario()'><b>runScenario</b><br>Test class: com.bdd.Runner_files.Test_Runner_TestNG<br>Test method: Runs Cucumber Scenarios<br>Parameters: "Register with no fields", "Register functionality of TutorialsNinja"</td>
<td></td>
<td>8</td>
<td>com.bdd.Runner_files.Test_Runner_TestNG@6caf0677</td></tr>
<tr>
<td title='com.bdd.Runner_files.Test_Runner_TestNG.runScenario()'><b>runScenario</b><br>Test class: com.bdd.Runner_files.Test_Runner_TestNG<br>Test method: Runs Cucumber Scenarios<br>Parameters: "Login without credentails", "Login functionality of TutorialsNinja"</td>
<td></td>
<td>8</td>
<td>com.bdd.Runner_files.Test_Runner_TestNG@6caf0677</td></tr>
<tr>
<td title='com.bdd.Runner_files.Test_Runner_TestNG.runScenario()'><b>runScenario</b><br>Test class: com.bdd.Runner_files.Test_Runner_TestNG<br>Test method: Runs Cucumber Scenarios<br>Parameters: "Login with valid credentials", "Login functionality of TutorialsNinja"</td>
<td></td>
<td>5</td>
<td>com.bdd.Runner_files.Test_Runner_TestNG@6caf0677</td></tr>
<tr>
<td title='com.bdd.Runner_files.Test_Runner_TestNG.runScenario()'><b>runScenario</b><br>Test class: com.bdd.Runner_files.Test_Runner_TestNG<br>Test method: Runs Cucumber Scenarios<br>Parameters: "", "search product functionality of TutorialsNinja"</td>
<td></td>
<td>8</td>
<td>com.bdd.Runner_files.Test_Runner_TestNG@6caf0677</td></tr>
<tr>
<td title='com.bdd.Runner_files.Test_Runner_TestNG.runScenario()'><b>runScenario</b><br>Test class: com.bdd.Runner_files.Test_Runner_TestNG<br>Test method: Runs Cucumber Scenarios<br>Parameters: "login with invalid email and valid password", "Login functionality of TutorialsNinja"</td>
<td></td>
<td>11</td>
<td>com.bdd.Runner_files.Test_Runner_TestNG@6caf0677</td></tr>
<tr>
<td title='com.bdd.Runner_files.Test_Runner_TestNG.runScenario()'><b>runScenario</b><br>Test class: com.bdd.Runner_files.Test_Runner_TestNG<br>Test method: Runs Cucumber Scenarios<br>Parameters: "Login with valid credentials", "Login functionality of TutorialsNinja"</td>
<td></td>
<td>5</td>
<td>com.bdd.Runner_files.Test_Runner_TestNG@6caf0677</td></tr>
<tr>
<td title='com.bdd.Runner_files.Test_Runner_TestNG.runScenario()'><b>runScenario</b><br>Test class: com.bdd.Runner_files.Test_Runner_TestNG<br>Test method: Runs Cucumber Scenarios<br>Parameters: "Login with valid credentials", "Login functionality of TutorialsNinja"</td>
<td></td>
<td>5</td>
<td>com.bdd.Runner_files.Test_Runner_TestNG@6caf0677</td></tr>
<tr>
<td title='com.bdd.Runner_files.Test_Runner_TestNG.runScenario()'><b>runScenario</b><br>Test class: com.bdd.Runner_files.Test_Runner_TestNG<br>Test method: Runs Cucumber Scenarios<br>Parameters: "Login with valid credentials", "Login functionality of TutorialsNinja"</td>
<td></td>
<td>5</td>
<td>com.bdd.Runner_files.Test_Runner_TestNG@6caf0677</td></tr>
<tr>
<td title='com.bdd.Runner_files.Test_Runner_TestNG.runScenario()'><b>runScenario</b><br>Test class: com.bdd.Runner_files.Test_Runner_TestNG<br>Test method: Runs Cucumber Scenarios<br>Parameters: "", "search product functionality of TutorialsNinja"</td>
<td></td>
<td>8</td>
<td>com.bdd.Runner_files.Test_Runner_TestNG@6caf0677</td></tr>
<tr>
<td title='com.bdd.Runner_files.Test_Runner_TestNG.runScenario()'><b>runScenario</b><br>Test class: com.bdd.Runner_files.Test_Runner_TestNG<br>Test method: Runs Cucumber Scenarios<br>Parameters: "Logging out of Account", "Logout functionality of TutorialsNinja"</td>
<td></td>
<td>9</td>
<td>com.bdd.Runner_files.Test_Runner_TestNG@6caf0677</td></tr>
<tr>
<td title='com.bdd.Runner_files.Test_Runner_TestNG.runScenario()'><b>runScenario</b><br>Test class: com.bdd.Runner_files.Test_Runner_TestNG<br>Test method: Runs Cucumber Scenarios<br>Parameters: "Register with existing email", "Register functionality of TutorialsNinja"</td>
<td></td>
<td>9</td>
<td>com.bdd.Runner_files.Test_Runner_TestNG@6caf0677</td></tr>
<tr>
<td title='com.bdd.Runner_files.Test_Runner_TestNG.runScenario()'><b>runScenario</b><br>Test class: com.bdd.Runner_files.Test_Runner_TestNG<br>Test method: Runs Cucumber Scenarios<br>Parameters: "", "search product functionality of TutorialsNinja"</td>
<td></td>
<td>7</td>
<td>com.bdd.Runner_files.Test_Runner_TestNG@6caf0677</td></tr>
<tr>
<td title='com.bdd.Runner_files.Test_Runner_TestNG.runScenario()'><b>runScenario</b><br>Test class: com.bdd.Runner_files.Test_Runner_TestNG<br>Test method: Runs Cucumber Scenarios<br>Parameters: "Login with valid credentials", "Login functionality of TutorialsNinja"</td>
<td></td>
<td>5</td>
<td>com.bdd.Runner_files.Test_Runner_TestNG@6caf0677</td></tr>
<tr>
<td title='com.bdd.Runner_files.Test_Runner_TestNG.runScenario()'><b>runScenario</b><br>Test class: com.bdd.Runner_files.Test_Runner_TestNG<br>Test method: Runs Cucumber Scenarios<br>Parameters: "Login with valid credentials", "Login functionality of TutorialsNinja"</td>
<td></td>
<td>5</td>
<td>com.bdd.Runner_files.Test_Runner_TestNG@6caf0677</td></tr>
<tr>
<td title='com.bdd.Runner_files.Test_Runner_TestNG.runScenario()'><b>runScenario</b><br>Test class: com.bdd.Runner_files.Test_Runner_TestNG<br>Test method: Runs Cucumber Scenarios<br>Parameters: "Add a product to cart", "AddToCart functionality of TutorialsNinja"</td>
<td></td>
<td>7</td>
<td>com.bdd.Runner_files.Test_Runner_TestNG@6caf0677</td></tr>
<tr>
<td title='com.bdd.Runner_files.Test_Runner_TestNG.runScenario()'><b>runScenario</b><br>Test class: com.bdd.Runner_files.Test_Runner_TestNG<br>Test method: Runs Cucumber Scenarios<br>Parameters: "Register with mandatory fields", "Register functionality of TutorialsNinja"</td>
<td></td>
<td>9</td>
<td>com.bdd.Runner_files.Test_Runner_TestNG@6caf0677</td></tr>
<tr>
<td title='com.bdd.Runner_files.Test_Runner_TestNG.runScenario()'><b>runScenario</b><br>Test class: com.bdd.Runner_files.Test_Runner_TestNG<br>Test method: Runs Cucumber Scenarios<br>Parameters: "Login with valid credentials", "Login functionality of TutorialsNinja"</td>
<td></td>
<td>8</td>
<td>com.bdd.Runner_files.Test_Runner_TestNG@6caf0677</td></tr>
<tr>
<td title='com.bdd.Runner_files.Test_Runner_TestNG.runScenario()'><b>runScenario</b><br>Test class: com.bdd.Runner_files.Test_Runner_TestNG<br>Test method: Runs Cucumber Scenarios<br>Parameters: "Login with valid credentials", "Login functionality of TutorialsNinja"</td>
<td></td>
<td>5</td>
<td>com.bdd.Runner_files.Test_Runner_TestNG@6caf0677</td></tr>
<tr>
<td title='com.bdd.Runner_files.Test_Runner_TestNG.runScenario()'><b>runScenario</b><br>Test class: com.bdd.Runner_files.Test_Runner_TestNG<br>Test method: Runs Cucumber Scenarios<br>Parameters: "Login with valid credentials", "Login functionality of TutorialsNinja"</td>
<td></td>
<td>5</td>
<td>com.bdd.Runner_files.Test_Runner_TestNG@6caf0677</td></tr>
<tr>
<td title='com.bdd.Runner_files.Test_Runner_TestNG.runScenario()'><b>runScenario</b><br>Test class: com.bdd.Runner_files.Test_Runner_TestNG<br>Test method: Runs Cucumber Scenarios<br>Parameters: "Register with all fields", "Register functionality of TutorialsNinja"</td>
<td></td>
<td>9</td>
<td>com.bdd.Runner_files.Test_Runner_TestNG@6caf0677</td></tr>
</table><p>
</body>
</html>